This file contains any messages produced by compilers while
running configure, to aid debugging if configure makes a mistake.

It was created by tageslosung configure 0.1.0, which was
generated by GNU Autoconf 2.69.  Invocation command line was

  $ ./configure --prefix=/opt/efl

## --------- ##
## Platform. ##
## --------- ##

hostname = hope.home
uname -m = x86_64
uname -r = 4.5.6-200.fc23.x86_64
uname -s = Linux
uname -v = #1 SMP Wed Jun 1 21:28:20 UTC 2016

/usr/bin/uname -p = x86_64
/bin/uname -X     = unknown

/bin/arch              = x86_64
/usr/bin/arch -k       = unknown
/usr/convex/getsysinfo = unknown
/usr/bin/hostinfo      = unknown
/bin/machine           = unknown
/usr/bin/oslevel       = unknown
/bin/universe          = unknown

PATH: /opt/efl/bin
PATH: /home/simon/perl5/bin
PATH: /opt/e17/bin/
PATH: /home/simon/Applications/.bin
PATH: /opt/efl/bin
PATH: /home/simon/perl5/bin
PATH: /opt/e17/bin/
PATH: /usr/lib64/qt-3.3/bin
PATH: /usr/lib64/ccache
PATH: /usr/local/bin
PATH: /usr/local/sbin
PATH: /usr/bin
PATH: /usr/sbin
PATH: /home/simon/bin


## ----------- ##
## Core tests. ##
## ----------- ##

configure:2212: checking build system type
configure:2226: result: x86_64-unknown-linux-gnu
configure:2246: checking host system type
configure:2259: result: x86_64-unknown-linux-gnu
configure:2330: checking for gcc
configure:2346: found /usr/lib64/ccache/gcc
configure:2357: result: gcc
configure:2586: checking for C compiler version
configure:2595: gcc --version >&5
gcc (GCC) 5.3.1 20160406 (Red Hat 5.3.1-6)
Copyright (C) 2015 Free Software Foundation, Inc.
This is free software; see the source for copying conditions.  There is NO
warranty; not even for MERCHANTABILITY or FITNESS FOR A PARTICULAR PURPOSE.

configure:2606: $? = 0
configure:2595: gcc -v >&5
Using built-in specs.
COLLECT_GCC=/usr/bin/gcc
COLLECT_LTO_WRAPPER=/usr/libexec/gcc/x86_64-redhat-linux/5.3.1/lto-wrapper
Target: x86_64-redhat-linux
Configured with: ../configure --enable-bootstrap --enable-languages=c,c++,objc,obj-c++,fortran,ada,go,lto --prefix=/usr --mandir=/usr/share/man --infodir=/usr/share/info --with-bugurl=http://bugzilla.redhat.com/bugzilla --enable-shared --enable-threads=posix --enable-checking=release --enable-multilib --with-system-zlib --enable-__cxa_atexit --disable-libunwind-exceptions --enable-gnu-unique-object --enable-linker-build-id --with-linker-hash-style=gnu --enable-plugin --enable-initfini-array --disable-libgcj --with-isl --enable-libmpx --enable-gnu-indirect-function --with-tune=generic --with-arch_32=i686 --build=x86_64-redhat-linux
Thread model: posix
gcc version 5.3.1 20160406 (Red Hat 5.3.1-6) (GCC) 
configure:2606: $? = 0
configure:2595: gcc -V >&5
gcc: error: unrecognized command line option '-V'
gcc: fatal error: no input files
compilation terminated.
configure:2606: $? = 1
configure:2595: gcc -qversion >&5
gcc: error: unrecognized command line option '-qversion'
gcc: fatal error: no input files
compilation terminated.
configure:2606: $? = 1
configure:2626: checking whether the C compiler works
configure:2648: gcc  -fvisibility=hidden  -I/opt/efl/include  -L/opt/efl/lib conftest.c  >&5
configure:2652: $? = 0
configure:2700: result: yes
configure:2703: checking for C compiler default output file name
configure:2705: result: a.out
configure:2711: checking for suffix of executables
configure:2718: gcc -o conftest  -fvisibility=hidden  -I/opt/efl/include  -L/opt/efl/lib conftest.c  >&5
configure:2722: $? = 0
configure:2744: result: 
configure:2766: checking whether we are cross compiling
configure:2774: gcc -o conftest  -fvisibility=hidden  -I/opt/efl/include  -L/opt/efl/lib conftest.c  >&5
configure:2778: $? = 0
configure:2785: ./conftest
configure:2789: $? = 0
configure:2804: result: no
configure:2809: checking for suffix of object files
configure:2831: gcc -c  -fvisibility=hidden  -I/opt/efl/include conftest.c >&5
configure:2835: $? = 0
configure:2856: result: o
configure:2860: checking whether we are using the GNU C compiler
configure:2879: gcc -c  -fvisibility=hidden  -I/opt/efl/include conftest.c >&5
configure:2879: $? = 0
configure:2888: result: yes
configure:2897: checking whether gcc accepts -g
configure:2917: gcc -c -g  -I/opt/efl/include conftest.c >&5
configure:2917: $? = 0
configure:2958: result: yes
configure:2975: checking for gcc option to accept ISO C89
configure:3038: gcc  -c  -fvisibility=hidden  -I/opt/efl/include conftest.c >&5
configure:3038: $? = 0
configure:3051: result: none needed
configure:3076: checking whether gcc understands -c and -o together
configure:3098: gcc -c conftest.c -o conftest2.o
configure:3101: $? = 0
configure:3098: gcc -c conftest.c -o conftest2.o
configure:3101: $? = 0
configure:3113: result: yes
configure:3132: checking for strerror in -lcposix
configure:3157: gcc -o conftest  -fvisibility=hidden  -I/opt/efl/include  -L/opt/efl/lib conftest.c -lcposix   >&5
/usr/bin/ld: cannot find -lcposix
collect2: error: ld returned 1 exit status
configure:3157: $? = 1
configure: failed program was:
| /* confdefs.h */
| #define PACKAGE_NAME "tageslosung"
| #define PACKAGE_TARNAME "tageslosung"
| #define PACKAGE_VERSION "0.1.0"
| #define PACKAGE_STRING "tageslosung 0.1.0"
| #define PACKAGE_BUGREPORT "enlightenment-devel@lists.sourceforge.net"
| #define PACKAGE_URL ""
| /* end confdefs.h.  */
| 
| /* Override any GCC internal prototype to avoid an error.
|    Use char because int might match the return type of a GCC
|    builtin and then its argument prototype would still apply.  */
| #ifdef __cplusplus
| extern "C"
| #endif
| char strerror ();
| int
| main ()
| {
| return strerror ();
|   ;
|   return 0;
| }
configure:3166: result: no
configure:3191: checking for a BSD-compatible install
configure:3259: result: /usr/bin/install -c
configure:3270: checking whether build environment is sane
configure:3325: result: yes
configure:3473: checking for a thread-safe mkdir -p
configure:3512: result: /usr/bin/mkdir -p
configure:3519: checking for gawk
configure:3535: found /usr/bin/gawk
configure:3546: result: gawk
configure:3557: checking whether make sets $(MAKE)
configure:3579: result: yes
configure:3609: checking for style of include used by make
configure:3637: result: GNU
configure:3671: checking whether make supports nested variables
configure:3688: result: yes
configure:3773: checking dependency style of gcc
configure:3884: result: gcc3
configure:3955: checking whether make supports nested variables
configure:3972: result: yes
configure:4032: checking for gcc
configure:4059: result: gcc
configure:4288: checking for C compiler version
configure:4297: gcc --version >&5
gcc (GCC) 5.3.1 20160406 (Red Hat 5.3.1-6)
Copyright (C) 2015 Free Software Foundation, Inc.
This is free software; see the source for copying conditions.  There is NO
warranty; not even for MERCHANTABILITY or FITNESS FOR A PARTICULAR PURPOSE.

configure:4308: $? = 0
configure:4297: gcc -v >&5
Using built-in specs.
COLLECT_GCC=/usr/bin/gcc
COLLECT_LTO_WRAPPER=/usr/libexec/gcc/x86_64-redhat-linux/5.3.1/lto-wrapper
Target: x86_64-redhat-linux
Configured with: ../configure --enable-bootstrap --enable-languages=c,c++,objc,obj-c++,fortran,ada,go,lto --prefix=/usr --mandir=/usr/share/man --infodir=/usr/share/info --with-bugurl=http://bugzilla.redhat.com/bugzilla --enable-shared --enable-threads=posix --enable-checking=release --enable-multilib --with-system-zlib --enable-__cxa_atexit --disable-libunwind-exceptions --enable-gnu-unique-object --enable-linker-build-id --with-linker-hash-style=gnu --enable-plugin --enable-initfini-array --disable-libgcj --with-isl --enable-libmpx --enable-gnu-indirect-function --with-tune=generic --with-arch_32=i686 --build=x86_64-redhat-linux
Thread model: posix
gcc version 5.3.1 20160406 (Red Hat 5.3.1-6) (GCC) 
configure:4308: $? = 0
configure:4297: gcc -V >&5
gcc: error: unrecognized command line option '-V'
gcc: fatal error: no input files
compilation terminated.
configure:4308: $? = 1
configure:4297: gcc -qversion >&5
gcc: error: unrecognized command line option '-qversion'
gcc: fatal error: no input files
compilation terminated.
configure:4308: $? = 1
configure:4312: checking whether we are using the GNU C compiler
configure:4340: result: yes
configure:4349: checking whether gcc accepts -g
configure:4410: result: yes
configure:4427: checking for gcc option to accept ISO C89
configure:4503: result: none needed
configure:4528: checking whether gcc understands -c and -o together
configure:4565: result: yes
configure:4587: checking how to run the C preprocessor
configure:4618: gcc -E  -I/opt/efl/include conftest.c
configure:4618: $? = 0
configure:4632: gcc -E  -I/opt/efl/include conftest.c
conftest.c:11:28: fatal error: ac_nonexistent.h: No such file or directory
compilation terminated.
configure:4632: $? = 1
configure: failed program was:
| /* confdefs.h */
| #define PACKAGE_NAME "tageslosung"
| #define PACKAGE_TARNAME "tageslosung"
| #define PACKAGE_VERSION "0.1.0"
| #define PACKAGE_STRING "tageslosung 0.1.0"
| #define PACKAGE_BUGREPORT "enlightenment-devel@lists.sourceforge.net"
| #define PACKAGE_URL ""
| #define PACKAGE "tageslosung"
| #define VERSION "0.1.0"
| /* end confdefs.h.  */
| #include <ac_nonexistent.h>
configure:4657: result: gcc -E
configure:4677: gcc -E  -I/opt/efl/include conftest.c
configure:4677: $? = 0
configure:4691: gcc -E  -I/opt/efl/include conftest.c
conftest.c:11:28: fatal error: ac_nonexistent.h: No such file or directory
compilation terminated.
configure:4691: $? = 1
configure: failed program was:
| /* confdefs.h */
| #define PACKAGE_NAME "tageslosung"
| #define PACKAGE_TARNAME "tageslosung"
| #define PACKAGE_VERSION "0.1.0"
| #define PACKAGE_STRING "tageslosung 0.1.0"
| #define PACKAGE_BUGREPORT "enlightenment-devel@lists.sourceforge.net"
| #define PACKAGE_URL ""
| #define PACKAGE "tageslosung"
| #define VERSION "0.1.0"
| /* end confdefs.h.  */
| #include <ac_nonexistent.h>
configure:4720: checking for grep that handles long lines and -e
configure:4778: result: /usr/bin/grep
configure:4783: checking for egrep
configure:4845: result: /usr/bin/grep -E
configure:4850: checking for ANSI C header files
configure:4870: gcc -c  -fvisibility=hidden  -I/opt/efl/include conftest.c >&5
configure:4870: $? = 0
configure:4943: gcc -o conftest  -fvisibility=hidden  -I/opt/efl/include  -L/opt/efl/lib conftest.c  >&5
configure:4943: $? = 0
configure:4943: ./conftest
configure:4943: $? = 0
configure:4954: result: yes
configure:4962: checking for an ANSI C-conforming const
configure:5028: gcc -c  -fvisibility=hidden  -I/opt/efl/include conftest.c >&5
configure:5028: $? = 0
configure:5035: result: yes
configure:5090: checking how to print strings
configure:5117: result: printf
configure:5138: checking for a sed that does not truncate output
configure:5202: result: /usr/bin/sed
configure:5220: checking for fgrep
configure:5282: result: /usr/bin/grep -F
configure:5317: checking for ld used by gcc
configure:5384: result: /usr/bin/ld
configure:5391: checking if the linker (/usr/bin/ld) is GNU ld
configure:5406: result: yes
configure:5418: checking for BSD- or MS-compatible name lister (nm)
configure:5472: result: /usr/bin/nm -B
configure:5602: checking the name lister (/usr/bin/nm -B) interface
configure:5609: gcc -c  -fvisibility=hidden  -I/opt/efl/include conftest.c >&5
configure:5612: /usr/bin/nm -B "conftest.o"
configure:5615: output
0000000000000000 B some_variable
configure:5622: result: BSD nm
configure:5625: checking whether ln -s works
configure:5629: result: yes
configure:5637: checking the maximum length of command line arguments
configure:5768: result: 1572864
configure:5816: checking how to convert x86_64-unknown-linux-gnu file names to x86_64-unknown-linux-gnu format
configure:5856: result: func_convert_file_noop
configure:5863: checking how to convert x86_64-unknown-linux-gnu file names to toolchain format
configure:5883: result: func_convert_file_noop
configure:5890: checking for /usr/bin/ld option to reload object files
configure:5897: result: -r
configure:5971: checking for objdump
configure:5987: found /usr/bin/objdump
configure:5998: result: objdump
configure:6030: checking how to recognize dependent libraries
configure:6230: result: pass_all
configure:6315: checking for dlltool
configure:6345: result: no
configure:6375: checking how to associate runtime and link libraries
configure:6402: result: printf %s\n
configure:6462: checking for ar
configure:6478: found /usr/bin/ar
configure:6489: result: ar
configure:6526: checking for archiver @FILE support
configure:6543: gcc -c  -fvisibility=hidden  -I/opt/efl/include conftest.c >&5
configure:6543: $? = 0
configure:6546: ar cru libconftest.a @conftest.lst >&5
ar: `u' modifier ignored since `D' is the default (see `U')
configure:6549: $? = 0
configure:6554: ar cru libconftest.a @conftest.lst >&5
ar: `u' modifier ignored since `D' is the default (see `U')
ar: conftest.o: No such file or directory
configure:6557: $? = 1
configure:6569: result: @
configure:6627: checking for strip
configure:6643: found /usr/bin/strip
configure:6654: result: strip
configure:6726: checking for ranlib
configure:6742: found /usr/bin/ranlib
configure:6753: result: ranlib
configure:6855: checking command to parse /usr/bin/nm -B output from gcc object
configure:7008: gcc -c  -fvisibility=hidden  -I/opt/efl/include conftest.c >&5
configure:7011: $? = 0
configure:7015: /usr/bin/nm -B conftest.o \| sed -n -e 's/^.*[ ]\([ABCDGIRSTW][ABCDGIRSTW]*\)[ ][ ]*\([_A-Za-z][_A-Za-z0-9]*\)$/\1 \2 \2/p' | sed '/ __gnu_lto/d' \> conftest.nm
configure:7018: $? = 0
configure:7084: gcc -o conftest  -fvisibility=hidden  -I/opt/efl/include  -L/opt/efl/lib conftest.c conftstm.o >&5
configure:7087: $? = 0
configure:7125: result: ok
configure:7172: checking for sysroot
configure:7202: result: no
configure:7209: checking for a working dd
configure:7247: result: /usr/bin/dd
configure:7251: checking how to truncate binary pipes
configure:7266: result: /usr/bin/dd bs=4096 count=1
configure:7402: gcc -c  -fvisibility=hidden  -I/opt/efl/include conftest.c >&5
configure:7405: $? = 0
configure:7595: checking for mt
configure:7625: result: no
configure:7645: checking if : is a manifest tool
configure:7651: : '-?'
configure:7659: result: no
configure:8336: checking for sys/types.h
configure:8336: gcc -c  -fvisibility=hidden  -I/opt/efl/include conftest.c >&5
configure:8336: $? = 0
configure:8336: result: yes
configure:8336: checking for sys/stat.h
configure:8336: gcc -c  -fvisibility=hidden  -I/opt/efl/include conftest.c >&5
configure:8336: $? = 0
configure:8336: result: yes
configure:8336: checking for stdlib.h
configure:8336: gcc -c  -fvisibility=hidden  -I/opt/efl/include conftest.c >&5
configure:8336: $? = 0
configure:8336: result: yes
configure:8336: checking for string.h
configure:8336: gcc -c  -fvisibility=hidden  -I/opt/efl/include conftest.c >&5
configure:8336: $? = 0
configure:8336: result: yes
configure:8336: checking for memory.h
configure:8336: gcc -c  -fvisibility=hidden  -I/opt/efl/include conftest.c >&5
configure:8336: $? = 0
configure:8336: result: yes
configure:8336: checking for strings.h
configure:8336: gcc -c  -fvisibility=hidden  -I/opt/efl/include conftest.c >&5
configure:8336: $? = 0
configure:8336: result: yes
configure:8336: checking for inttypes.h
configure:8336: gcc -c  -fvisibility=hidden  -I/opt/efl/include conftest.c >&5
configure:8336: $? = 0
configure:8336: result: yes
configure:8336: checking for stdint.h
configure:8336: gcc -c  -fvisibility=hidden  -I/opt/efl/include conftest.c >&5
configure:8336: $? = 0
configure:8336: result: yes
configure:8336: checking for unistd.h
configure:8336: gcc -c  -fvisibility=hidden  -I/opt/efl/include conftest.c >&5
configure:8336: $? = 0
configure:8336: result: yes
configure:8350: checking for dlfcn.h
configure:8350: gcc -c  -fvisibility=hidden  -I/opt/efl/include conftest.c >&5
configure:8350: $? = 0
configure:8350: result: yes
configure:8606: checking for objdir
configure:8621: result: .libs
configure:8885: checking if gcc supports -fno-rtti -fno-exceptions
configure:8903: gcc -c  -fvisibility=hidden  -I/opt/efl/include -fno-rtti -fno-exceptions conftest.c >&5
cc1: warning: command line option '-fno-rtti' is valid for C++/ObjC++ but not for C
cc1: warning: command line option '-fno-rtti' is valid for C++/ObjC++ but not for C
configure:8907: $? = 0
configure:8920: result: no
configure:9278: checking for gcc option to produce PIC
configure:9285: result: -fPIC -DPIC
configure:9293: checking if gcc PIC flag -fPIC -DPIC works
configure:9311: gcc -c  -fvisibility=hidden  -I/opt/efl/include -fPIC -DPIC -DPIC conftest.c >&5
configure:9315: $? = 0
configure:9328: result: yes
configure:9357: checking if gcc static flag -static works
configure:9385: result: no
configure:9400: checking if gcc supports -c -o file.o
configure:9421: gcc -c  -fvisibility=hidden  -I/opt/efl/include -o out/conftest2.o conftest.c >&5
configure:9425: $? = 0
configure:9447: result: yes
configure:9455: checking if gcc supports -c -o file.o
configure:9502: result: yes
configure:9535: checking whether the gcc linker (/usr/bin/ld -m elf_x86_64) supports shared libraries
configure:10794: result: yes
configure:10831: checking whether -lc should be explicitly linked in
configure:10839: gcc -c  -fvisibility=hidden  -I/opt/efl/include conftest.c >&5
configure:10842: $? = 0
configure:10857: gcc -shared  -fPIC -DPIC conftest.o  -v -Wl,-soname -Wl,conftest -o conftest 2\>\&1 \| /usr/bin/grep  -lc  \>/dev/null 2\>\&1
configure:10860: $? = 0
configure:10874: result: no
configure:11034: checking dynamic linker characteristics
configure:11615: gcc -o conftest  -fvisibility=hidden  -I/opt/efl/include  -L/opt/efl/lib -Wl,-rpath -Wl,/foo conftest.c  >&5
configure:11615: $? = 0
configure:11855: result: GNU/Linux ld.so
configure:11977: checking how to hardcode library paths into programs
configure:12002: result: immediate
configure:12550: checking whether stripping libraries is possible
configure:12555: result: yes
configure:12590: checking if libtool supports shared libraries
configure:12592: result: yes
configure:12595: checking whether to build shared libraries
configure:12620: result: yes
configure:12623: checking whether to build static libraries
configure:12627: result: yes
configure:12684: checking whether NLS is requested
configure:12693: result: yes
configure:12731: checking for msgfmt
configure:12762: result: /usr/bin/msgfmt
configure:12771: checking for gmsgfmt
configure:12802: result: /usr/bin/msgfmt
configure:12842: checking for xgettext
configure:12873: result: /usr/bin/xgettext
configure:12913: checking for msgmerge
configure:12943: result: /usr/bin/msgmerge
configure:13018: checking for ld used by GCC
configure:13082: result: /usr/bin/ld -m elf_x86_64
configure:13089: checking if the linker (/usr/bin/ld -m elf_x86_64) is GNU ld
configure:13102: result: yes
configure:13108: checking for shared library run path origin
configure:13121: result: done
configure:13537: checking whether NLS is requested
configure:13546: result: yes
configure:13564: checking for GNU gettext in libc
configure:13583: gcc -o conftest  -fvisibility=hidden  -I/opt/efl/include  -L/opt/efl/lib conftest.c  >&5
conftest.c: In function 'main':
conftest.c:30:8: warning: cast from pointer to integer of different size [-Wpointer-to-int-cast]
 return (int) gettext ("") + _nl_msg_cat_cntr + *_nl_domain_bindings
        ^
configure:13583: $? = 0
configure:13591: result: yes
configure:14171: checking whether to use NLS
configure:14173: result: yes
configure:14176: checking where the gettext function comes from
configure:14187: result: libc
configure:14310: checking for pkg-config
configure:14328: found /usr/bin/pkg-config
configure:14340: result: /usr/bin/pkg-config
configure:14365: checking pkg-config is at least version 0.9.0
configure:14368: result: yes
configure:14378: checking for E
configure:14385: $PKG_CONFIG --exists --print-errors "enlightenment"
configure:14388: $? = 0
configure:14402: $PKG_CONFIG --exists --print-errors "enlightenment"
configure:14405: $? = 0
configure:14463: result: yes
configure:14479: checking for EDJE
configure:14486: $PKG_CONFIG --exists --print-errors "edje >= 0.5.0"
configure:14489: $? = 0
configure:14503: $PKG_CONFIG --exists --print-errors "edje >= 0.5.0"
configure:14506: $? = 0
configure:14564: result: yes
configure:14583: checking Which edje_cc to use
configure:14585: result: /opt/efl/bin/edje_cc
configure:14709: checking that generated files are newer than configure
configure:14715: result: done
configure:14742: creating ./config.status

## ---------------------- ##
## Running config.status. ##
## ---------------------- ##

This file was extended by tageslosung config.status 0.1.0, which was
generated by GNU Autoconf 2.69.  Invocation command line was

  CONFIG_FILES    = 
  CONFIG_HEADERS  = 
  CONFIG_LINKS    = 
  CONFIG_COMMANDS = 
  $ ./config.status 

on hope.home

config.status:1147: creating Makefile
config.status:1147: creating src/Makefile
config.status:1147: creating e_modules-tageslosung.spec
config.status:1147: creating module.desktop
config.status:1147: creating po/Makefile.in
config.status:1255: WARNING:  'po/Makefile.in.in' seems to ignore the --datarootdir setting
config.status:1147: creating config.h
config.status:1376: executing depfiles commands
config.status:1376: executing libtool commands
config.status:1376: executing default-1 commands
config.status:1376: executing default commands

## ---------------- ##
## Cache variables. ##
## ---------------- ##

ac_cv_build=x86_64-unknown-linux-gnu
ac_cv_c_compiler_gnu=yes
ac_cv_c_const=yes
ac_cv_env_CC_set=
ac_cv_env_CC_value=
ac_cv_env_CFLAGS_set=set
ac_cv_env_CFLAGS_value=' -fvisibility=hidden'
ac_cv_env_CPPFLAGS_set=set
ac_cv_env_CPPFLAGS_value=' -I/opt/efl/include'
ac_cv_env_CPP_set=
ac_cv_env_CPP_value=
ac_cv_env_EDJE_CFLAGS_set=
ac_cv_env_EDJE_CFLAGS_value=
ac_cv_env_EDJE_LIBS_set=
ac_cv_env_EDJE_LIBS_value=
ac_cv_env_E_CFLAGS_set=
ac_cv_env_E_CFLAGS_value=
ac_cv_env_E_LIBS_set=
ac_cv_env_E_LIBS_value=
ac_cv_env_LDFLAGS_set=set
ac_cv_env_LDFLAGS_value=' -L/opt/efl/lib'
ac_cv_env_LIBS_set=
ac_cv_env_LIBS_value=
ac_cv_env_LT_SYS_LIBRARY_PATH_set=
ac_cv_env_LT_SYS_LIBRARY_PATH_value=
ac_cv_env_PKG_CONFIG_LIBDIR_set=
ac_cv_env_PKG_CONFIG_LIBDIR_value=
ac_cv_env_PKG_CONFIG_PATH_set=set
ac_cv_env_PKG_CONFIG_PATH_value=/opt/efl/lib/pkgconfig:
ac_cv_env_PKG_CONFIG_set=
ac_cv_env_PKG_CONFIG_value=
ac_cv_env_build_alias_set=
ac_cv_env_build_alias_value=
ac_cv_env_host_alias_set=
ac_cv_env_host_alias_value=
ac_cv_env_target_alias_set=
ac_cv_env_target_alias_value=
ac_cv_header_dlfcn_h=yes
ac_cv_header_inttypes_h=yes
ac_cv_header_memory_h=yes
ac_cv_header_stdc=yes
ac_cv_header_stdint_h=yes
ac_cv_header_stdlib_h=yes
ac_cv_header_string_h=yes
ac_cv_header_strings_h=yes
ac_cv_header_sys_stat_h=yes
ac_cv_header_sys_types_h=yes
ac_cv_header_unistd_h=yes
ac_cv_host=x86_64-unknown-linux-gnu
ac_cv_lib_cposix_strerror=no
ac_cv_objext=o
ac_cv_path_EGREP='/usr/bin/grep -E'
ac_cv_path_FGREP='/usr/bin/grep -F'
ac_cv_path_GMSGFMT=/usr/bin/msgfmt
ac_cv_path_GREP=/usr/bin/grep
ac_cv_path_MSGFMT=/usr/bin/msgfmt
ac_cv_path_MSGMERGE=/usr/bin/msgmerge
ac_cv_path_SED=/usr/bin/sed
ac_cv_path_XGETTEXT=/usr/bin/xgettext
ac_cv_path_ac_pt_PKG_CONFIG=/usr/bin/pkg-config
ac_cv_path_install='/usr/bin/install -c'
ac_cv_path_lt_DD=/usr/bin/dd
ac_cv_path_mkdir=/usr/bin/mkdir
ac_cv_prog_AWK=gawk
ac_cv_prog_CPP='gcc -E'
ac_cv_prog_ac_ct_AR=ar
ac_cv_prog_ac_ct_CC=gcc
ac_cv_prog_ac_ct_OBJDUMP=objdump
ac_cv_prog_ac_ct_RANLIB=ranlib
ac_cv_prog_ac_ct_STRIP=strip
ac_cv_prog_cc_c89=
ac_cv_prog_cc_g=yes
ac_cv_prog_make_make_set=yes
acl_cv_hardcode_direct=no
acl_cv_hardcode_libdir_flag_spec='${wl}-rpath ${wl}$libdir'
acl_cv_hardcode_libdir_separator=
acl_cv_hardcode_minus_L=no
acl_cv_libext=a
acl_cv_path_LD='/usr/bin/ld -m elf_x86_64'
acl_cv_prog_gnu_ld=yes
acl_cv_rpath=done
acl_cv_shlibext=so
acl_cv_wl=-Wl,
am_cv_CC_dependencies_compiler_type=gcc3
am_cv_make_support_nested_variables=yes
am_cv_prog_cc_c_o=yes
gt_cv_func_gnugettext1_libc=yes
lt_cv_ar_at_file=@
lt_cv_archive_cmds_need_lc=no
lt_cv_deplibs_check_method=pass_all
lt_cv_file_magic_cmd='$MAGIC_CMD'
lt_cv_file_magic_test_file=
lt_cv_ld_reload_flag=-r
lt_cv_nm_interface='BSD nm'
lt_cv_objdir=.libs
lt_cv_path_LD=/usr/bin/ld
lt_cv_path_NM='/usr/bin/nm -B'
lt_cv_path_mainfest_tool=no
lt_cv_prog_compiler_c_o=yes
lt_cv_prog_compiler_pic='-fPIC -DPIC'
lt_cv_prog_compiler_pic_works=yes
lt_cv_prog_compiler_rtti_exceptions=no
lt_cv_prog_compiler_static_works=no
lt_cv_prog_gnu_ld=yes
lt_cv_sharedlib_from_linklib_cmd='printf %s\n'
lt_cv_shlibpath_overrides_runpath=no
lt_cv_sys_global_symbol_pipe='sed -n -e '\''s/^.*[	 ]\([ABCDGIRSTW][ABCDGIRSTW]*\)[	 ][	 ]*\([_A-Za-z][_A-Za-z0-9]*\)$/\1 \2 \2/p'\'' | sed '\''/ __gnu_lto/d'\'''
lt_cv_sys_global_symbol_to_c_name_address='sed -n -e '\''s/^: \(.*\) .*$/  {"\1", (void *) 0},/p'\'' -e '\''s/^[ABCDGIRSTW][ABCDGIRSTW]* .* \(.*\)$/  {"\1", (void *) \&\1},/p'\'''
lt_cv_sys_global_symbol_to_c_name_address_lib_prefix='sed -n -e '\''s/^: \(.*\) .*$/  {"\1", (void *) 0},/p'\'' -e '\''s/^[ABCDGIRSTW][ABCDGIRSTW]* .* \(lib.*\)$/  {"\1", (void *) \&\1},/p'\'' -e '\''s/^[ABCDGIRSTW][ABCDGIRSTW]* .* \(.*\)$/  {"lib\1", (void *) \&\1},/p'\'''
lt_cv_sys_global_symbol_to_cdecl='sed -n -e '\''s/^T .* \(.*\)$/extern int \1();/p'\'' -e '\''s/^[ABCDGIRSTW][ABCDGIRSTW]* .* \(.*\)$/extern char \1;/p'\'''
lt_cv_sys_global_symbol_to_import=
lt_cv_sys_max_cmd_len=1572864
lt_cv_to_host_file_cmd=func_convert_file_noop
lt_cv_to_tool_file_cmd=func_convert_file_noop
lt_cv_truncate_bin='/usr/bin/dd bs=4096 count=1'
pkg_cv_EDJE_CFLAGS='-D_REENTRANT -pthread -I/opt/efl/include/efl-1 -I/opt/efl/include/edje-1 -I/opt/efl/include/efl-1 -I/opt/efl/include/ecore-audio-1 -I/opt/efl/include/efl-1 -I/opt/efl/include/ephysics-1 -I/opt/efl/include/efl-1 -I/opt/efl/include/eio-1 -I/opt/efl/include/efl-1 -I/opt/efl/include/efreet-1 -I/opt/efl/include/efl-1 -I/opt/efl/include/efreet-1 -I/opt/efl/include/efl-1 -I/opt/efl/include/ecore-ipc-1 -I/opt/efl/include/efl-1 -I/opt/efl/include/embryo-1 -I/opt/efl/include/efl-1 -I/opt/efl/include/ecore-imf-evas-1 -I/opt/efl/include/efl-1 -I/opt/efl/include/ecore-imf-1 -I/opt/efl/include/efl-1 -I/opt/efl/include/ecore-file-1 -I/opt/efl/include/efl-1 -I/opt/efl/include/ecore-con-1 -I/opt/efl/include/efl-1 -I/opt/efl/include/ecore-evas-1 -I/opt/efl/include/efl-1 -I/opt/efl/include/ecore-input-evas-1 -I/opt/efl/include/efl-1 -I/opt/efl/include/ecore-input-1 -I/opt/efl/include/efl-1 -I/opt/efl/include/evas-1 -I/opt/efl/include/evas-1/canvas -I/opt/efl/include/efl-1 -I/opt/efl/include/ecore-1 -I/opt/efl/include/efl-1 -I/opt/efl/include/eet-1 -I/opt/efl/include/efl-1 -I/opt/efl/include/emile-1 -I/opt/efl/include/efl-1 -I/opt/efl/include/eo-1 -I/opt/efl/include/efl-1 -I/opt/efl/include/eina-1 -I/opt/efl/include/eina-1/eina -I/usr/include/bullet -I/usr/include/fribidi -I/usr/include/freetype2 -I/usr/include/libpng16 -I/usr/include/freetype2 -I/usr/include/libpng16 -I/usr/include/glib-2.0 -I/usr/lib64/glib-2.0/include -I/usr/include/luajit-2.0 '
pkg_cv_EDJE_LIBS='-L/opt/efl/lib -ledje '
pkg_cv_E_CFLAGS='-DUSE_E_CONFIG_H -D_REENTRANT -pthread -I/opt/efl/include/enlightenment -I/opt/efl/include/elementary-1 -I/opt/efl/include/elocation-1 -I/opt/efl/include/efl-1 -I/opt/efl/include/efreet-1 -I/opt/efl/include/efl-1 -I/opt/efl/include/ethumb-client-1 -I/opt/efl/include/efl-1 -I/opt/efl/include/eldbus-1 -I/opt/efl/include/efl-1 -I/opt/efl/include/ethumb-1 -I/opt/efl/include/efl-1 -I/opt/efl/include/edje-1 -I/opt/efl/include/efl-1 -I/opt/efl/include/ecore-audio-1 -I/opt/efl/include/efl-1 -I/opt/efl/include/ephysics-1 -I/opt/efl/include/efl-1 -I/opt/efl/include/efreet-1 -I/opt/efl/include/efl-1 -I/opt/efl/include/embryo-1 -I/opt/efl/include/efl-1 -I/opt/efl/include/ecore-imf-evas-1 -I/opt/efl/include/efl-1 -I/opt/efl/include/ecore-imf-1 -I/opt/efl/include/efl-1 -I/opt/efl/include/ecore-evas-1 -I/opt/efl/include/efl-1 -I/opt/efl/include/ecore-input-evas-1 -I/opt/efl/include/efl-1 -I/opt/efl/include/emotion-1 -I/opt/efl/include/efl-1 -I/opt/efl/include/eio-1 -I/opt/efl/include/efl-1 -I/opt/efl/include/efreet-1 -I/opt/efl/include/efl-1 -I/opt/efl/include/ecore-ipc-1 -I/opt/efl/include/efl-1 -I/opt/efl/include/evas-1 -I/opt/efl/include/evas-1/canvas -I/opt/efl/include/efl-1 -I/opt/efl/include/eeze-1 -I/opt/efl/include/efl-1 -I/opt/efl/include/ecore-file-1 -I/opt/efl/include/efl-1 -I/opt/efl/include/ecore-con-1 -I/opt/efl/include/efl-1 -I/opt/efl/include/eet-1 -I/opt/efl/include/efl-1 -I/opt/efl/include/emile-1 -I/opt/efl/include/efl-1 -I/opt/efl/include/ecore-x-1 -I/opt/efl/include/efl-1 -I/opt/efl/include/ecore-input-1 -I/opt/efl/include/efl-1 -I/opt/efl/include/ecore-1 -I/opt/efl/include/efl-1 -I/opt/efl/include/eo-1 -I/opt/efl/include/efl-1 -I/opt/efl/include/eina-1 -I/opt/efl/include/eina-1/eina -I/usr/include/dbus-1.0 -I/usr/lib64/dbus-1.0/include -I/usr/include/bullet -I/usr/include/fribidi -I/usr/include/freetype2 -I/usr/include/libpng16 -I/usr/include/freetype2 -I/usr/include/libpng16 -I/usr/include/luajit-2.0 -I/usr/include/libmount -I/usr/include/blkid -I/usr/include/uuid -I/usr/include/glib-2.0 -I/usr/lib64/glib-2.0/include '
pkg_cv_E_LIBS='-L/opt/efl/lib -levas -lecore -lefl -lecore_evas -lecore_con -lecore_ipc -lecore_file -leet -ledje -lefreet -lefreet_mime -lefreet_trash -leina -lpthread -leldbus -leio -leo -lelementary -lefl -leina -lpthread -leet -levas -lecore -lecore_evas -lecore_file -lecore_input -ledje -leo -lethumb_client -lemotion -lecore_imf -lecore_con -leldbus -lefreet -lefreet_mime -lefreet_trash -leio -lpthread -lm -ldl -lrt -lemotion -leeze -lecore_x '

## ----------------- ##
## Output variables. ##
## ----------------- ##

ACLOCAL='${SHELL} /home/simon/efl_src/tageslosung/missing aclocal-1.15'
AMDEPBACKSLASH='\'
AMDEP_FALSE='#'
AMDEP_TRUE=''
AMTAR='$${TAR-tar}'
AM_BACKSLASH='\'
AM_DEFAULT_V='$(AM_DEFAULT_VERBOSITY)'
AM_DEFAULT_VERBOSITY='0'
AM_V='$(V)'
AR='ar'
AUTOCONF='${SHELL} /home/simon/efl_src/tageslosung/missing autoconf'
AUTOHEADER='${SHELL} /home/simon/efl_src/tageslosung/missing autoheader'
AUTOMAKE='${SHELL} /home/simon/efl_src/tageslosung/missing automake-1.15'
AWK='gawk'
CC='gcc'
CCDEPMODE='depmode=gcc3'
CFLAGS=' -fvisibility=hidden'
CPP='gcc -E'
CPPFLAGS=' -I/opt/efl/include'
CYGPATH_W='echo'
DEFS='-DHAVE_CONFIG_H'
DEPDIR='.deps'
DLLTOOL='false'
DSYMUTIL=''
DUMPBIN=''
ECHO_C=''
ECHO_N='-n'
ECHO_T=''
EDJE_CC='/opt/efl/bin/edje_cc'
EDJE_CFLAGS='-D_REENTRANT -pthread -I/opt/efl/include/efl-1 -I/opt/efl/include/edje-1 -I/opt/efl/include/efl-1 -I/opt/efl/include/ecore-audio-1 -I/opt/efl/include/efl-1 -I/opt/efl/include/ephysics-1 -I/opt/efl/include/efl-1 -I/opt/efl/include/eio-1 -I/opt/efl/include/efl-1 -I/opt/efl/include/efreet-1 -I/opt/efl/include/efl-1 -I/opt/efl/include/efreet-1 -I/opt/efl/include/efl-1 -I/opt/efl/include/ecore-ipc-1 -I/opt/efl/include/efl-1 -I/opt/efl/include/embryo-1 -I/opt/efl/include/efl-1 -I/opt/efl/include/ecore-imf-evas-1 -I/opt/efl/include/efl-1 -I/opt/efl/include/ecore-imf-1 -I/opt/efl/include/efl-1 -I/opt/efl/include/ecore-file-1 -I/opt/efl/include/efl-1 -I/opt/efl/include/ecore-con-1 -I/opt/efl/include/efl-1 -I/opt/efl/include/ecore-evas-1 -I/opt/efl/include/efl-1 -I/opt/efl/include/ecore-input-evas-1 -I/opt/efl/include/efl-1 -I/opt/efl/include/ecore-input-1 -I/opt/efl/include/efl-1 -I/opt/efl/include/evas-1 -I/opt/efl/include/evas-1/canvas -I/opt/efl/include/efl-1 -I/opt/efl/include/ecore-1 -I/opt/efl/include/efl-1 -I/opt/efl/include/eet-1 -I/opt/efl/include/efl-1 -I/opt/efl/include/emile-1 -I/opt/efl/include/efl-1 -I/opt/efl/include/eo-1 -I/opt/efl/include/efl-1 -I/opt/efl/include/eina-1 -I/opt/efl/include/eina-1/eina -I/usr/include/bullet -I/usr/include/fribidi -I/usr/include/freetype2 -I/usr/include/libpng16 -I/usr/include/freetype2 -I/usr/include/libpng16 -I/usr/include/glib-2.0 -I/usr/lib64/glib-2.0/include -I/usr/include/luajit-2.0 '
EDJE_LIBS='-L/opt/efl/lib -ledje '
EGREP='/usr/bin/grep -E'
EXEEXT=''
E_CFLAGS='-DUSE_E_CONFIG_H -D_REENTRANT -pthread -I/opt/efl/include/enlightenment -I/opt/efl/include/elementary-1 -I/opt/efl/include/elocation-1 -I/opt/efl/include/efl-1 -I/opt/efl/include/efreet-1 -I/opt/efl/include/efl-1 -I/opt/efl/include/ethumb-client-1 -I/opt/efl/include/efl-1 -I/opt/efl/include/eldbus-1 -I/opt/efl/include/efl-1 -I/opt/efl/include/ethumb-1 -I/opt/efl/include/efl-1 -I/opt/efl/include/edje-1 -I/opt/efl/include/efl-1 -I/opt/efl/include/ecore-audio-1 -I/opt/efl/include/efl-1 -I/opt/efl/include/ephysics-1 -I/opt/efl/include/efl-1 -I/opt/efl/include/efreet-1 -I/opt/efl/include/efl-1 -I/opt/efl/include/embryo-1 -I/opt/efl/include/efl-1 -I/opt/efl/include/ecore-imf-evas-1 -I/opt/efl/include/efl-1 -I/opt/efl/include/ecore-imf-1 -I/opt/efl/include/efl-1 -I/opt/efl/include/ecore-evas-1 -I/opt/efl/include/efl-1 -I/opt/efl/include/ecore-input-evas-1 -I/opt/efl/include/efl-1 -I/opt/efl/include/emotion-1 -I/opt/efl/include/efl-1 -I/opt/efl/include/eio-1 -I/opt/efl/include/efl-1 -I/opt/efl/include/efreet-1 -I/opt/efl/include/efl-1 -I/opt/efl/include/ecore-ipc-1 -I/opt/efl/include/efl-1 -I/opt/efl/include/evas-1 -I/opt/efl/include/evas-1/canvas -I/opt/efl/include/efl-1 -I/opt/efl/include/eeze-1 -I/opt/efl/include/efl-1 -I/opt/efl/include/ecore-file-1 -I/opt/efl/include/efl-1 -I/opt/efl/include/ecore-con-1 -I/opt/efl/include/efl-1 -I/opt/efl/include/eet-1 -I/opt/efl/include/efl-1 -I/opt/efl/include/emile-1 -I/opt/efl/include/efl-1 -I/opt/efl/include/ecore-x-1 -I/opt/efl/include/efl-1 -I/opt/efl/include/ecore-input-1 -I/opt/efl/include/efl-1 -I/opt/efl/include/ecore-1 -I/opt/efl/include/efl-1 -I/opt/efl/include/eo-1 -I/opt/efl/include/efl-1 -I/opt/efl/include/eina-1 -I/opt/efl/include/eina-1/eina -I/usr/include/dbus-1.0 -I/usr/lib64/dbus-1.0/include -I/usr/include/bullet -I/usr/include/fribidi -I/usr/include/freetype2 -I/usr/include/libpng16 -I/usr/include/freetype2 -I/usr/include/libpng16 -I/usr/include/luajit-2.0 -I/usr/include/libmount -I/usr/include/blkid -I/usr/include/uuid -I/usr/include/glib-2.0 -I/usr/lib64/glib-2.0/include '
E_LIBS='-L/opt/efl/lib -levas -lecore -lefl -lecore_evas -lecore_con -lecore_ipc -lecore_file -leet -ledje -lefreet -lefreet_mime -lefreet_trash -leina -lpthread -leldbus -leio -leo -lelementary -lefl -leina -lpthread -leet -levas -lecore -lecore_evas -lecore_file -lecore_input -ledje -leo -lethumb_client -lemotion -lecore_imf -lecore_con -leldbus -lefreet -lefreet_mime -lefreet_trash -leio -lpthread -lm -ldl -lrt -lemotion -leeze -lecore_x '
FGREP='/usr/bin/grep -F'
GMSGFMT='/usr/bin/msgfmt'
GREP='/usr/bin/grep'
HAVE_PO_FALSE='#'
HAVE_PO_TRUE=''
INSTALL_DATA='${INSTALL} -m 644'
INSTALL_PROGRAM='${INSTALL}'
INSTALL_SCRIPT='${INSTALL}'
INSTALL_STRIP_PROGRAM='$(install_sh) -c -s'
INTLLIBS=''
LD='/usr/bin/ld -m elf_x86_64'
LDFLAGS=' -L/opt/efl/lib'
LIBICONV='-liconv'
LIBINTL=''
LIBOBJS=''
LIBS=''
LIBTOOL='$(SHELL) $(top_builddir)/libtool'
LIPO=''
LN_S='ln -s'
LTLIBICONV='-liconv'
LTLIBINTL=''
LTLIBOBJS=''
LT_SYS_LIBRARY_PATH=''
MAKEINFO='${SHELL} /home/simon/efl_src/tageslosung/missing makeinfo'
MANIFEST_TOOL=':'
MKDIR_P='/usr/bin/mkdir -p'
MKINSTALLDIRS='$(top_builddir)/./mkinstalldirs'
MODULE_ARCH='linux-gnu-x86_64-ver-0.21'
MSGFMT='/usr/bin/msgfmt'
MSGMERGE='/usr/bin/msgmerge'
NM='/usr/bin/nm -B'
NMEDIT=''
OBJDUMP='objdump'
OBJEXT='o'
OTOOL64=''
OTOOL=''
PACKAGE='tageslosung'
PACKAGE_BUGREPORT='enlightenment-devel@lists.sourceforge.net'
PACKAGE_NAME='tageslosung'
PACKAGE_STRING='tageslosung 0.1.0'
PACKAGE_TARNAME='tageslosung'
PACKAGE_URL=''
PACKAGE_VERSION='0.1.0'
PATH_SEPARATOR=':'
PKG_CONFIG='/usr/bin/pkg-config'
PKG_CONFIG_LIBDIR=''
PKG_CONFIG_PATH='/opt/efl/lib/pkgconfig:'
POSUB='po'
RANLIB='ranlib'
SED='/usr/bin/sed'
SET_MAKE=''
SHELL='/bin/sh'
STRIP='strip'
USE_NLS='yes'
VERSION='0.1.0'
XGETTEXT='/usr/bin/xgettext'
ac_ct_AR='ar'
ac_ct_CC='gcc'
ac_ct_DUMPBIN=''
am__EXEEXT_FALSE=''
am__EXEEXT_TRUE='#'
am__fastdepCC_FALSE='#'
am__fastdepCC_TRUE=''
am__include='include'
am__isrc=''
am__leading_dot='.'
am__nodep='_no'
am__quote=''
am__tar='$${TAR-tar} chof - "$$tardir"'
am__untar='$${TAR-tar} xf -'
bindir='${exec_prefix}/bin'
build='x86_64-unknown-linux-gnu'
build_alias=''
build_cpu='x86_64'
build_os='linux-gnu'
build_vendor='unknown'
datadir='/opt/efl/lib/enlightenment/modules/tageslosung'
datarootdir='${prefix}/share'
docdir='${datarootdir}/doc/${PACKAGE_TARNAME}'
dvidir='${docdir}'
exec_prefix='${prefix}'
host='x86_64-unknown-linux-gnu'
host_alias=''
host_cpu='x86_64'
host_os='linux-gnu'
host_vendor='unknown'
htmldir='${docdir}'
includedir='${prefix}/include'
infodir='${datarootdir}/info'
install_sh='${SHELL} /home/simon/efl_src/tageslosung/install-sh'
libdir='${exec_prefix}/lib'
libexecdir='${exec_prefix}/libexec'
localedir='${datarootdir}/locale'
localstatedir='${prefix}/var'
mandir='${datarootdir}/man'
mkdir_p='$(MKDIR_P)'
oldincludedir='/usr/include'
pdfdir='${docdir}'
prefix='/opt/efl'
program_transform_name='s,x,x,'
psdir='${docdir}'
sbindir='${exec_prefix}/sbin'
sharedstatedir='${prefix}/com'
sysconfdir='${prefix}/etc'
target_alias=''

## ----------- ##
## confdefs.h. ##
## ----------- ##

/* confdefs.h */
#define PACKAGE_NAME "tageslosung"
#define PACKAGE_TARNAME "tageslosung"
#define PACKAGE_VERSION "0.1.0"
#define PACKAGE_STRING "tageslosung 0.1.0"
#define PACKAGE_BUGREPORT "enlightenment-devel@lists.sourceforge.net"
#define PACKAGE_URL ""
#define PACKAGE "tageslosung"
#define VERSION "0.1.0"
#define STDC_HEADERS 1
#define HAVE_SYS_TYPES_H 1
#define HAVE_SYS_STAT_H 1
#define HAVE_STDLIB_H 1
#define HAVE_STRING_H 1
#define HAVE_MEMORY_H 1
#define HAVE_STRINGS_H 1
#define HAVE_INTTYPES_H 1
#define HAVE_STDINT_H 1
#define HAVE_UNISTD_H 1
#define HAVE_DLFCN_H 1
#define LT_OBJDIR ".libs/"
#define ENABLE_NLS 1
#define HAVE_GETTEXT 1
#define HAVE_DCGETTEXT 1
#define MODULE_ARCH "linux-gnu-x86_64-ver-0.21"

configure: exit 0

## ---------------------- ##
## Running config.status. ##
## ---------------------- ##

This file was extended by tageslosung config.status 0.1.0, which was
generated by GNU Autoconf 2.69.  Invocation command line was

  CONFIG_FILES    = 
  CONFIG_HEADERS  = 
  CONFIG_LINKS    = 
  CONFIG_COMMANDS = 
  $ ./config.status config.h

on hope.home

config.status:1147: creating config.h
config.status:1328: config.h is unchanged

## ---------------------- ##
## Running config.status. ##
## ---------------------- ##

This file was extended by tageslosung config.status 0.1.0, which was
generated by GNU Autoconf 2.69.  Invocation command line was

  CONFIG_FILES    = 
  CONFIG_HEADERS  = 
  CONFIG_LINKS    = 
  CONFIG_COMMANDS = 
  $ ./config.status module.desktop

on hope.home

config.status:1147: creating module.desktop

## ---------------------- ##
## Running config.status. ##
## ---------------------- ##

This file was extended by tageslosung config.status 0.1.0, which was
generated by GNU Autoconf 2.69.  Invocation command line was

  CONFIG_FILES    = 
  CONFIG_HEADERS  = 
  CONFIG_LINKS    = 
  CONFIG_COMMANDS = 
  $ ./config.status module.desktop

on hope.home

config.status:1147: creating module.desktop

## ---------------------- ##
## Running config.status. ##
## ---------------------- ##

This file was extended by tageslosung config.status 0.1.0, which was
generated by GNU Autoconf 2.69.  Invocation command line was

  CONFIG_FILES    = 
  CONFIG_HEADERS  = 
  CONFIG_LINKS    = 
  CONFIG_COMMANDS = 
  $ ./config.status module.desktop

on hope.home

config.status:1147: creating module.desktop

## ---------------------- ##
## Running config.status. ##
## ---------------------- ##

This file was extended by tageslosung config.status 0.1.0, which was
generated by GNU Autoconf 2.69.  Invocation command line was

  CONFIG_FILES    = 
  CONFIG_HEADERS  = 
  CONFIG_LINKS    = 
  CONFIG_COMMANDS = 
  $ ./config.status module.desktop

on hope.home

config.status:1147: creating module.desktop

## ---------------------- ##
## Running config.status. ##
## ---------------------- ##

This file was extended by tageslosung config.status 0.1.0, which was
generated by GNU Autoconf 2.69.  Invocation command line was

  CONFIG_FILES    = 
  CONFIG_HEADERS  = 
  CONFIG_LINKS    = 
  CONFIG_COMMANDS = 
  $ ./config.status module.desktop

on hope.home

config.status:1147: creating module.desktop

## ---------------------- ##
## Running config.status. ##
## ---------------------- ##

This file was extended by tageslosung config.status 0.1.0, which was
generated by GNU Autoconf 2.69.  Invocation command line was

  CONFIG_FILES    = 
  CONFIG_HEADERS  = 
  CONFIG_LINKS    = 
  CONFIG_COMMANDS = 
  $ ./config.status module.desktop

on hope.home

config.status:1147: creating module.desktop

## ---------------------- ##
## Running config.status. ##
## ---------------------- ##

This file was extended by tageslosung config.status 0.1.0, which was
generated by GNU Autoconf 2.69.  Invocation command line was

  CONFIG_FILES    = 
  CONFIG_HEADERS  = 
  CONFIG_LINKS    = 
  CONFIG_COMMANDS = 
  $ ./config.status module.desktop

on hope.home

config.status:1147: creating module.desktop

## ---------------------- ##
## Running config.status. ##
## ---------------------- ##

This file was extended by tageslosung config.status 0.1.0, which was
generated by GNU Autoconf 2.69.  Invocation command line was

  CONFIG_FILES    = 
  CONFIG_HEADERS  = 
  CONFIG_LINKS    = 
  CONFIG_COMMANDS = 
  $ ./config.status module.desktop

on hope.home

config.status:1147: creating module.desktop

## ---------------------- ##
## Running config.status. ##
## ---------------------- ##

This file was extended by tageslosung config.status 0.1.0, which was
generated by GNU Autoconf 2.69.  Invocation command line was

  CONFIG_FILES    = 
  CONFIG_HEADERS  = 
  CONFIG_LINKS    = 
  CONFIG_COMMANDS = 
  $ ./config.status module.desktop

on hope

config.status:1147: creating module.desktop

## ---------------------- ##
## Running config.status. ##
## ---------------------- ##

This file was extended by tageslosung config.status 0.1.0, which was
generated by GNU Autoconf 2.69.  Invocation command line was

  CONFIG_FILES    = 
  CONFIG_HEADERS  = 
  CONFIG_LINKS    = 
  CONFIG_COMMANDS = 
  $ ./config.status module.desktop

on hope

config.status:1147: creating module.desktop
